{"D:\\Projects\\GossipChimp-GossipFeed-Microservice\\app.js": {"path":"D:\\Projects\\GossipChimp-GossipFeed-Microservice\\app.js","statementMap":{"0":{"start":{"line":1,"column":16},"end":{"line":1,"column":34}},"1":{"start":{"line":2,"column":13},"end":{"line":2,"column":28}},"2":{"start":{"line":3,"column":0},"end":{"line":3,"column":25}},"3":{"start":{"line":5,"column":12},"end":{"line":5,"column":21}},"4":{"start":{"line":6,"column":0},"end":{"line":6,"column":24}},"5":{"start":{"line":7,"column":0},"end":{"line":7,"column":16}},"6":{"start":{"line":9,"column":0},"end":{"line":9,"column":21}}},"fnMap":{},"branchMap":{},"s":{"0":2,"1":2,"2":2,"3":2,"4":2,"5":2,"6":2},"f":{},"b":{},"_coverageSchema":"1a1c01bbd47fc00a2c39e90264f33305004495a9","hash":"a99c615ffb7e5e07e6f67970272e88973855b523"}
,"D:\\Projects\\GossipChimp-GossipFeed-Microservice\\components\\gossipFeed\\gossipFeedDAL.js": {"path":"D:\\Projects\\GossipChimp-GossipFeed-Microservice\\components\\gossipFeed\\gossipFeedDAL.js","statementMap":{"0":{"start":{"line":1,"column":22},"end":{"line":1,"column":59}},"1":{"start":{"line":2,"column":14},"end":{"line":2,"column":43}},"2":{"start":{"line":3,"column":15},"end":{"line":3,"column":45}},"3":{"start":{"line":5,"column":20},"end":{"line":5,"column":52}},"4":{"start":{"line":7,"column":27},"end":{"line":7,"column":32}},"5":{"start":{"line":10,"column":31},"end":{"line":13,"column":4}},"6":{"start":{"line":11,"column":2},"end":{"line":13,"column":4}},"7":{"start":{"line":16,"column":31},"end":{"line":27,"column":4}},"8":{"start":{"line":17,"column":2},"end":{"line":27,"column":4}},"9":{"start":{"line":18,"column":4},"end":{"line":26,"column":6}},"10":{"start":{"line":23,"column":8},"end":{"line":23,"column":33}},"11":{"start":{"line":23,"column":19},"end":{"line":23,"column":33}},"12":{"start":{"line":24,"column":8},"end":{"line":24,"column":23}},"13":{"start":{"line":30,"column":34},"end":{"line":36,"column":4}},"14":{"start":{"line":31,"column":2},"end":{"line":36,"column":4}},"15":{"start":{"line":32,"column":4},"end":{"line":35,"column":7}},"16":{"start":{"line":33,"column":6},"end":{"line":33,"column":31}},"17":{"start":{"line":33,"column":17},"end":{"line":33,"column":31}},"18":{"start":{"line":34,"column":6},"end":{"line":34,"column":21}},"19":{"start":{"line":39,"column":25},"end":{"line":45,"column":4}},"20":{"start":{"line":40,"column":2},"end":{"line":45,"column":4}},"21":{"start":{"line":41,"column":4},"end":{"line":44,"column":7}},"22":{"start":{"line":42,"column":6},"end":{"line":42,"column":31}},"23":{"start":{"line":42,"column":17},"end":{"line":42,"column":31}},"24":{"start":{"line":43,"column":6},"end":{"line":43,"column":21}},"25":{"start":{"line":48,"column":25},"end":{"line":48,"column":65}},"26":{"start":{"line":48,"column":43},"end":{"line":48,"column":65}},"27":{"start":{"line":51,"column":30},"end":{"line":65,"column":3}},"28":{"start":{"line":56,"column":2},"end":{"line":65,"column":3}},"29":{"start":{"line":67,"column":0},"end":{"line":74,"column":2}}},"fnMap":{"0":{"name":"(anonymous_0)","decl":{"start":{"line":10,"column":31},"end":{"line":10,"column":32}},"loc":{"start":{"line":11,"column":2},"end":{"line":13,"column":4}},"line":11},"1":{"name":"(anonymous_1)","decl":{"start":{"line":16,"column":31},"end":{"line":16,"column":32}},"loc":{"start":{"line":17,"column":2},"end":{"line":27,"column":4}},"line":17},"2":{"name":"(anonymous_2)","decl":{"start":{"line":17,"column":14},"end":{"line":17,"column":15}},"loc":{"start":{"line":17,"column":35},"end":{"line":27,"column":3}},"line":17},"3":{"name":"(anonymous_3)","decl":{"start":{"line":22,"column":6},"end":{"line":22,"column":7}},"loc":{"start":{"line":22,"column":24},"end":{"line":25,"column":7}},"line":22},"4":{"name":"(anonymous_4)","decl":{"start":{"line":30,"column":34},"end":{"line":30,"column":35}},"loc":{"start":{"line":31,"column":2},"end":{"line":36,"column":4}},"line":31},"5":{"name":"(anonymous_5)","decl":{"start":{"line":31,"column":14},"end":{"line":31,"column":15}},"loc":{"start":{"line":31,"column":35},"end":{"line":36,"column":3}},"line":31},"6":{"name":"(anonymous_6)","decl":{"start":{"line":32,"column":47},"end":{"line":32,"column":48}},"loc":{"start":{"line":32,"column":65},"end":{"line":35,"column":5}},"line":32},"7":{"name":"(anonymous_7)","decl":{"start":{"line":39,"column":25},"end":{"line":39,"column":26}},"loc":{"start":{"line":40,"column":2},"end":{"line":45,"column":4}},"line":40},"8":{"name":"(anonymous_8)","decl":{"start":{"line":40,"column":14},"end":{"line":40,"column":15}},"loc":{"start":{"line":40,"column":35},"end":{"line":45,"column":3}},"line":40},"9":{"name":"(anonymous_9)","decl":{"start":{"line":41,"column":38},"end":{"line":41,"column":39}},"loc":{"start":{"line":41,"column":56},"end":{"line":44,"column":5}},"line":41},"10":{"name":"(anonymous_10)","decl":{"start":{"line":48,"column":25},"end":{"line":48,"column":26}},"loc":{"start":{"line":48,"column":43},"end":{"line":48,"column":65}},"line":48},"11":{"name":"(anonymous_11)","decl":{"start":{"line":51,"column":30},"end":{"line":51,"column":31}},"loc":{"start":{"line":56,"column":2},"end":{"line":65,"column":3}},"line":56}},"branchMap":{"0":{"loc":{"start":{"line":23,"column":8},"end":{"line":23,"column":33}},"type":"if","locations":[{"start":{"line":23,"column":8},"end":{"line":23,"column":33}},{"start":{},"end":{}}],"line":23},"1":{"loc":{"start":{"line":33,"column":6},"end":{"line":33,"column":31}},"type":"if","locations":[{"start":{"line":33,"column":6},"end":{"line":33,"column":31}},{"start":{},"end":{}}],"line":33},"2":{"loc":{"start":{"line":42,"column":6},"end":{"line":42,"column":31}},"type":"if","locations":[{"start":{"line":42,"column":6},"end":{"line":42,"column":31}},{"start":{},"end":{}}],"line":42}},"s":{"0":2,"1":2,"2":2,"3":2,"4":2,"5":2,"6":1,"7":2,"8":1,"9":1,"10":1,"11":0,"12":1,"13":2,"14":7,"15":7,"16":7,"17":0,"18":7,"19":2,"20":8,"21":8,"22":8,"23":0,"24":8,"25":2,"26":42,"27":2,"28":3,"29":2},"f":{"0":1,"1":1,"2":1,"3":1,"4":7,"5":7,"6":7,"7":8,"8":8,"9":8,"10":42,"11":3},"b":{"0":[0,1],"1":[0,7],"2":[0,8]},"_coverageSchema":"1a1c01bbd47fc00a2c39e90264f33305004495a9","hash":"24d54554a6affd395d8f99adbd2ff29e379506c6"}
,"D:\\Projects\\GossipChimp-GossipFeed-Microservice\\components\\gossipFeed\\gossipFeedService.js": {"path":"D:\\Projects\\GossipChimp-GossipFeed-Microservice\\components\\gossipFeed\\gossipFeedService.js","statementMap":{"0":{"start":{"line":1,"column":14},"end":{"line":1,"column":30}},"1":{"start":{"line":3,"column":22},"end":{"line":3,"column":48}},"2":{"start":{"line":4,"column":16},"end":{"line":4,"column":36}},"3":{"start":{"line":6,"column":0},"end":{"line":6,"column":17}},"4":{"start":{"line":9,"column":31},"end":{"line":20,"column":1}},"5":{"start":{"line":10,"column":2},"end":{"line":19,"column":3}},"6":{"start":{"line":11,"column":31},"end":{"line":13,"column":5}},"7":{"start":{"line":14,"column":4},"end":{"line":14,"column":76}},"8":{"start":{"line":15,"column":4},"end":{"line":15,"column":47}},"9":{"start":{"line":17,"column":4},"end":{"line":17,"column":21}},"10":{"start":{"line":18,"column":4},"end":{"line":18,"column":14}},"11":{"start":{"line":23,"column":31},"end":{"line":33,"column":1}},"12":{"start":{"line":24,"column":2},"end":{"line":32,"column":3}},"13":{"start":{"line":25,"column":4},"end":{"line":28,"column":6}},"14":{"start":{"line":30,"column":4},"end":{"line":30,"column":21}},"15":{"start":{"line":31,"column":4},"end":{"line":31,"column":14}},"16":{"start":{"line":36,"column":34},"end":{"line":47,"column":1}},"17":{"start":{"line":37,"column":2},"end":{"line":46,"column":3}},"18":{"start":{"line":39,"column":6},"end":{"line":39,"column":59}},"19":{"start":{"line":40,"column":4},"end":{"line":40,"column":76}},"20":{"start":{"line":40,"column":33},"end":{"line":40,"column":76}},"21":{"start":{"line":42,"column":4},"end":{"line":42,"column":16}},"22":{"start":{"line":44,"column":4},"end":{"line":44,"column":21}},"23":{"start":{"line":45,"column":4},"end":{"line":45,"column":14}},"24":{"start":{"line":50,"column":34},"end":{"line":75,"column":1}},"25":{"start":{"line":51,"column":2},"end":{"line":74,"column":3}},"26":{"start":{"line":53,"column":28},"end":{"line":53,"column":67}},"27":{"start":{"line":56,"column":4},"end":{"line":68,"column":5}},"28":{"start":{"line":57,"column":6},"end":{"line":57,"column":63}},"29":{"start":{"line":58,"column":38},"end":{"line":61,"column":7}},"30":{"start":{"line":63,"column":6},"end":{"line":65,"column":7}},"31":{"start":{"line":64,"column":8},"end":{"line":64,"column":43}},"32":{"start":{"line":67,"column":6},"end":{"line":67,"column":72}},"33":{"start":{"line":70,"column":4},"end":{"line":70,"column":29}},"34":{"start":{"line":72,"column":4},"end":{"line":72,"column":21}},"35":{"start":{"line":73,"column":4},"end":{"line":73,"column":14}},"36":{"start":{"line":78,"column":25},"end":{"line":88,"column":1}},"37":{"start":{"line":79,"column":16},"end":{"line":79,"column":18}},"38":{"start":{"line":81,"column":2},"end":{"line":86,"column":3}},"39":{"start":{"line":82,"column":4},"end":{"line":82,"column":63}},"40":{"start":{"line":83,"column":4},"end":{"line":85,"column":5}},"41":{"start":{"line":84,"column":6},"end":{"line":84,"column":33}},"42":{"start":{"line":87,"column":2},"end":{"line":87,"column":15}},"43":{"start":{"line":91,"column":25},"end":{"line":98,"column":1}},"44":{"start":{"line":92,"column":2},"end":{"line":97,"column":3}},"45":{"start":{"line":93,"column":4},"end":{"line":93,"column":56}},"46":{"start":{"line":95,"column":4},"end":{"line":95,"column":21}},"47":{"start":{"line":96,"column":4},"end":{"line":96,"column":14}},"48":{"start":{"line":101,"column":17},"end":{"line":102,"column":63}},"49":{"start":{"line":102,"column":2},"end":{"line":102,"column":63}},"50":{"start":{"line":105,"column":21},"end":{"line":106,"column":67}},"51":{"start":{"line":106,"column":2},"end":{"line":106,"column":67}},"52":{"start":{"line":109,"column":22},"end":{"line":110,"column":68}},"53":{"start":{"line":110,"column":2},"end":{"line":110,"column":68}},"54":{"start":{"line":113,"column":22},"end":{"line":114,"column":68}},"55":{"start":{"line":114,"column":2},"end":{"line":114,"column":68}},"56":{"start":{"line":117,"column":20},"end":{"line":118,"column":66}},"57":{"start":{"line":118,"column":2},"end":{"line":118,"column":66}},"58":{"start":{"line":121,"column":27},"end":{"line":130,"column":1}},"59":{"start":{"line":122,"column":22},"end":{"line":122,"column":52}},"60":{"start":{"line":124,"column":2},"end":{"line":124,"column":70}},"61":{"start":{"line":124,"column":57},"end":{"line":124,"column":70}},"62":{"start":{"line":125,"column":2},"end":{"line":125,"column":78}},"63":{"start":{"line":125,"column":65},"end":{"line":125,"column":78}},"64":{"start":{"line":126,"column":2},"end":{"line":126,"column":80}},"65":{"start":{"line":126,"column":67},"end":{"line":126,"column":80}},"66":{"start":{"line":127,"column":2},"end":{"line":127,"column":80}},"67":{"start":{"line":127,"column":67},"end":{"line":127,"column":80}},"68":{"start":{"line":128,"column":2},"end":{"line":128,"column":76}},"69":{"start":{"line":128,"column":63},"end":{"line":128,"column":76}},"70":{"start":{"line":129,"column":2},"end":{"line":129,"column":14}},"71":{"start":{"line":133,"column":34},"end":{"line":143,"column":1}},"72":{"start":{"line":134,"column":21},"end":{"line":134,"column":23}},"73":{"start":{"line":135,"column":2},"end":{"line":141,"column":3}},"74":{"start":{"line":136,"column":29},"end":{"line":136,"column":67}},"75":{"start":{"line":137,"column":4},"end":{"line":140,"column":5}},"76":{"start":{"line":138,"column":6},"end":{"line":138,"column":28}},"77":{"start":{"line":139,"column":6},"end":{"line":139,"column":65}},"78":{"start":{"line":139,"column":47},"end":{"line":139,"column":65}},"79":{"start":{"line":142,"column":2},"end":{"line":142,"column":20}},"80":{"start":{"line":146,"column":28},"end":{"line":189,"column":1}},"81":{"start":{"line":147,"column":16},"end":{"line":147,"column":18}},"82":{"start":{"line":148,"column":28},"end":{"line":148,"column":67}},"83":{"start":{"line":151,"column":34},"end":{"line":153,"column":3}},"84":{"start":{"line":154,"column":40},"end":{"line":158,"column":3}},"85":{"start":{"line":159,"column":2},"end":{"line":161,"column":3}},"86":{"start":{"line":160,"column":4},"end":{"line":160,"column":41}},"87":{"start":{"line":162,"column":2},"end":{"line":162,"column":47}},"88":{"start":{"line":165,"column":2},"end":{"line":176,"column":3}},"89":{"start":{"line":165,"column":15},"end":{"line":165,"column":16}},"90":{"start":{"line":166,"column":38},"end":{"line":168,"column":5}},"91":{"start":{"line":169,"column":44},"end":{"line":173,"column":5}},"92":{"start":{"line":174,"column":4},"end":{"line":174,"column":51}},"93":{"start":{"line":175,"column":4},"end":{"line":175,"column":53}},"94":{"start":{"line":175,"column":40},"end":{"line":175,"column":53}},"95":{"start":{"line":179,"column":33},"end":{"line":181,"column":3}},"96":{"start":{"line":182,"column":39},"end":{"line":186,"column":3}},"97":{"start":{"line":187,"column":2},"end":{"line":187,"column":46}},"98":{"start":{"line":188,"column":2},"end":{"line":188,"column":15}},"99":{"start":{"line":191,"column":30},"end":{"line":212,"column":1}},"100":{"start":{"line":196,"column":2},"end":{"line":211,"column":3}},"101":{"start":{"line":197,"column":16},"end":{"line":201,"column":5}},"102":{"start":{"line":202,"column":25},"end":{"line":202,"column":27}},"103":{"start":{"line":203,"column":4},"end":{"line":203,"column":46}},"104":{"start":{"line":204,"column":4},"end":{"line":206,"column":5}},"105":{"start":{"line":205,"column":6},"end":{"line":205,"column":34}},"106":{"start":{"line":207,"column":4},"end":{"line":207,"column":24}},"107":{"start":{"line":209,"column":4},"end":{"line":209,"column":21}},"108":{"start":{"line":210,"column":4},"end":{"line":210,"column":14}},"109":{"start":{"line":214,"column":25},"end":{"line":238,"column":1}},"110":{"start":{"line":215,"column":16},"end":{"line":215,"column":18}},"111":{"start":{"line":216,"column":24},"end":{"line":216,"column":59}},"112":{"start":{"line":217,"column":26},"end":{"line":217,"column":61}},"113":{"start":{"line":219,"column":2},"end":{"line":226,"column":3}},"114":{"start":{"line":220,"column":25},"end":{"line":224,"column":5}},"115":{"start":{"line":225,"column":4},"end":{"line":225,"column":32}},"116":{"start":{"line":228,"column":26},"end":{"line":228,"column":28}},"117":{"start":{"line":229,"column":2},"end":{"line":235,"column":3}},"118":{"start":{"line":230,"column":4},"end":{"line":234,"column":6}},"119":{"start":{"line":237,"column":2},"end":{"line":237,"column":27}},"120":{"start":{"line":240,"column":33},"end":{"line":273,"column":1}},"121":{"start":{"line":241,"column":16},"end":{"line":241,"column":18}},"122":{"start":{"line":242,"column":28},"end":{"line":242,"column":67}},"123":{"start":{"line":245,"column":28},"end":{"line":249,"column":3}},"124":{"start":{"line":250,"column":2},"end":{"line":250,"column":75}},"125":{"start":{"line":250,"column":50},"end":{"line":250,"column":75}},"126":{"start":{"line":251,"column":2},"end":{"line":251,"column":35}},"127":{"start":{"line":254,"column":2},"end":{"line":262,"column":3}},"128":{"start":{"line":254,"column":15},"end":{"line":254,"column":16}},"129":{"start":{"line":255,"column":32},"end":{"line":259,"column":5}},"130":{"start":{"line":260,"column":4},"end":{"line":260,"column":39}},"131":{"start":{"line":261,"column":4},"end":{"line":261,"column":53}},"132":{"start":{"line":261,"column":40},"end":{"line":261,"column":53}},"133":{"start":{"line":265,"column":27},"end":{"line":269,"column":3}},"134":{"start":{"line":270,"column":2},"end":{"line":270,"column":34}},"135":{"start":{"line":272,"column":2},"end":{"line":272,"column":15}},"136":{"start":{"line":276,"column":22},"end":{"line":294,"column":1}},"137":{"start":{"line":277,"column":14},"end":{"line":277,"column":16}},"138":{"start":{"line":280,"column":2},"end":{"line":280,"column":59}},"139":{"start":{"line":281,"column":2},"end":{"line":281,"column":51}},"140":{"start":{"line":281,"column":38},"end":{"line":281,"column":51}},"141":{"start":{"line":284,"column":24},"end":{"line":287,"column":3}},"142":{"start":{"line":288,"column":2},"end":{"line":288,"column":31}},"143":{"start":{"line":289,"column":2},"end":{"line":289,"column":51}},"144":{"start":{"line":289,"column":38},"end":{"line":289,"column":51}},"145":{"start":{"line":300,"column":0},"end":{"line":312,"column":2}}},"fnMap":{"0":{"name":"(anonymous_0)","decl":{"start":{"line":9,"column":31},"end":{"line":9,"column":32}},"loc":{"start":{"line":9,"column":49},"end":{"line":20,"column":1}},"line":9},"1":{"name":"(anonymous_1)","decl":{"start":{"line":23,"column":31},"end":{"line":23,"column":32}},"loc":{"start":{"line":23,"column":68},"end":{"line":33,"column":1}},"line":23},"2":{"name":"(anonymous_2)","decl":{"start":{"line":36,"column":34},"end":{"line":36,"column":35}},"loc":{"start":{"line":36,"column":52},"end":{"line":47,"column":1}},"line":36},"3":{"name":"(anonymous_3)","decl":{"start":{"line":50,"column":34},"end":{"line":50,"column":35}},"loc":{"start":{"line":50,"column":52},"end":{"line":75,"column":1}},"line":50},"4":{"name":"(anonymous_4)","decl":{"start":{"line":78,"column":25},"end":{"line":78,"column":26}},"loc":{"start":{"line":78,"column":51},"end":{"line":88,"column":1}},"line":78},"5":{"name":"(anonymous_5)","decl":{"start":{"line":91,"column":25},"end":{"line":91,"column":26}},"loc":{"start":{"line":91,"column":43},"end":{"line":98,"column":1}},"line":91},"6":{"name":"(anonymous_6)","decl":{"start":{"line":101,"column":17},"end":{"line":101,"column":18}},"loc":{"start":{"line":102,"column":2},"end":{"line":102,"column":63}},"line":102},"7":{"name":"(anonymous_7)","decl":{"start":{"line":105,"column":21},"end":{"line":105,"column":22}},"loc":{"start":{"line":106,"column":2},"end":{"line":106,"column":67}},"line":106},"8":{"name":"(anonymous_8)","decl":{"start":{"line":109,"column":22},"end":{"line":109,"column":23}},"loc":{"start":{"line":110,"column":2},"end":{"line":110,"column":68}},"line":110},"9":{"name":"(anonymous_9)","decl":{"start":{"line":113,"column":22},"end":{"line":113,"column":23}},"loc":{"start":{"line":114,"column":2},"end":{"line":114,"column":68}},"line":114},"10":{"name":"(anonymous_10)","decl":{"start":{"line":117,"column":20},"end":{"line":117,"column":21}},"loc":{"start":{"line":118,"column":2},"end":{"line":118,"column":66}},"line":118},"11":{"name":"(anonymous_11)","decl":{"start":{"line":121,"column":27},"end":{"line":121,"column":28}},"loc":{"start":{"line":121,"column":53},"end":{"line":130,"column":1}},"line":121},"12":{"name":"(anonymous_12)","decl":{"start":{"line":133,"column":34},"end":{"line":133,"column":35}},"loc":{"start":{"line":133,"column":74},"end":{"line":143,"column":1}},"line":133},"13":{"name":"(anonymous_13)","decl":{"start":{"line":146,"column":28},"end":{"line":146,"column":29}},"loc":{"start":{"line":146,"column":61},"end":{"line":189,"column":1}},"line":146},"14":{"name":"(anonymous_14)","decl":{"start":{"line":191,"column":30},"end":{"line":191,"column":31}},"loc":{"start":{"line":195,"column":5},"end":{"line":212,"column":1}},"line":195},"15":{"name":"(anonymous_15)","decl":{"start":{"line":214,"column":25},"end":{"line":214,"column":26}},"loc":{"start":{"line":214,"column":67},"end":{"line":238,"column":1}},"line":214},"16":{"name":"(anonymous_16)","decl":{"start":{"line":240,"column":33},"end":{"line":240,"column":34}},"loc":{"start":{"line":240,"column":66},"end":{"line":273,"column":1}},"line":240},"17":{"name":"(anonymous_17)","decl":{"start":{"line":276,"column":22},"end":{"line":276,"column":23}},"loc":{"start":{"line":276,"column":55},"end":{"line":294,"column":1}},"line":276}},"branchMap":{"0":{"loc":{"start":{"line":40,"column":4},"end":{"line":40,"column":76}},"type":"if","locations":[{"start":{"line":40,"column":4},"end":{"line":40,"column":76}},{"start":{},"end":{}}],"line":40},"1":{"loc":{"start":{"line":56,"column":4},"end":{"line":68,"column":5}},"type":"if","locations":[{"start":{"line":56,"column":4},"end":{"line":68,"column":5}},{"start":{},"end":{}}],"line":56},"2":{"loc":{"start":{"line":63,"column":6},"end":{"line":65,"column":7}},"type":"if","locations":[{"start":{"line":63,"column":6},"end":{"line":65,"column":7}},{"start":{},"end":{}}],"line":63},"3":{"loc":{"start":{"line":83,"column":4},"end":{"line":85,"column":5}},"type":"if","locations":[{"start":{"line":83,"column":4},"end":{"line":85,"column":5}},{"start":{},"end":{}}],"line":83},"4":{"loc":{"start":{"line":124,"column":2},"end":{"line":124,"column":70}},"type":"if","locations":[{"start":{"line":124,"column":2},"end":{"line":124,"column":70}},{"start":{},"end":{}}],"line":124},"5":{"loc":{"start":{"line":125,"column":2},"end":{"line":125,"column":78}},"type":"if","locations":[{"start":{"line":125,"column":2},"end":{"line":125,"column":78}},{"start":{},"end":{}}],"line":125},"6":{"loc":{"start":{"line":126,"column":2},"end":{"line":126,"column":80}},"type":"if","locations":[{"start":{"line":126,"column":2},"end":{"line":126,"column":80}},{"start":{},"end":{}}],"line":126},"7":{"loc":{"start":{"line":127,"column":2},"end":{"line":127,"column":80}},"type":"if","locations":[{"start":{"line":127,"column":2},"end":{"line":127,"column":80}},{"start":{},"end":{}}],"line":127},"8":{"loc":{"start":{"line":128,"column":2},"end":{"line":128,"column":76}},"type":"if","locations":[{"start":{"line":128,"column":2},"end":{"line":128,"column":76}},{"start":{},"end":{}}],"line":128},"9":{"loc":{"start":{"line":137,"column":4},"end":{"line":140,"column":5}},"type":"if","locations":[{"start":{"line":137,"column":4},"end":{"line":140,"column":5}},{"start":{},"end":{}}],"line":137},"10":{"loc":{"start":{"line":139,"column":6},"end":{"line":139,"column":65}},"type":"if","locations":[{"start":{"line":139,"column":6},"end":{"line":139,"column":65}},{"start":{},"end":{}}],"line":139},"11":{"loc":{"start":{"line":159,"column":2},"end":{"line":161,"column":3}},"type":"if","locations":[{"start":{"line":159,"column":2},"end":{"line":161,"column":3}},{"start":{},"end":{}}],"line":159},"12":{"loc":{"start":{"line":175,"column":4},"end":{"line":175,"column":53}},"type":"if","locations":[{"start":{"line":175,"column":4},"end":{"line":175,"column":53}},{"start":{},"end":{}}],"line":175},"13":{"loc":{"start":{"line":229,"column":2},"end":{"line":235,"column":3}},"type":"if","locations":[{"start":{"line":229,"column":2},"end":{"line":235,"column":3}},{"start":{},"end":{}}],"line":229},"14":{"loc":{"start":{"line":250,"column":2},"end":{"line":250,"column":75}},"type":"if","locations":[{"start":{"line":250,"column":2},"end":{"line":250,"column":75}},{"start":{},"end":{}}],"line":250},"15":{"loc":{"start":{"line":261,"column":4},"end":{"line":261,"column":53}},"type":"if","locations":[{"start":{"line":261,"column":4},"end":{"line":261,"column":53}},{"start":{},"end":{}}],"line":261},"16":{"loc":{"start":{"line":281,"column":2},"end":{"line":281,"column":51}},"type":"if","locations":[{"start":{"line":281,"column":2},"end":{"line":281,"column":51}},{"start":{},"end":{}}],"line":281},"17":{"loc":{"start":{"line":289,"column":2},"end":{"line":289,"column":51}},"type":"if","locations":[{"start":{"line":289,"column":2},"end":{"line":289,"column":51}},{"start":{},"end":{}}],"line":289}},"s":{"0":1,"1":1,"2":1,"3":1,"4":1,"5":1,"6":1,"7":1,"8":1,"9":0,"10":0,"11":1,"12":1,"13":1,"14":0,"15":0,"16":1,"17":7,"18":7,"19":7,"20":6,"21":1,"22":0,"23":0,"24":1,"25":5,"26":5,"27":5,"28":0,"29":0,"30":0,"31":0,"32":0,"33":5,"34":0,"35":0,"36":1,"37":7,"38":7,"39":8,"40":8,"41":8,"42":7,"43":1,"44":42,"45":42,"46":0,"47":0,"48":1,"49":41,"50":1,"51":35,"52":1,"53":34,"54":1,"55":33,"56":1,"57":33,"58":1,"59":41,"60":41,"61":6,"62":35,"63":1,"64":34,"65":1,"66":33,"67":0,"68":33,"69":1,"70":32,"71":1,"72":9,"73":9,"74":39,"75":39,"76":31,"77":31,"78":4,"79":5,"80":1,"81":2,"82":2,"83":2,"84":2,"85":2,"86":0,"87":2,"88":2,"89":2,"90":2,"91":2,"92":2,"93":2,"94":0,"95":2,"96":2,"97":2,"98":2,"99":1,"100":2,"101":2,"102":2,"103":2,"104":2,"105":8,"106":2,"107":0,"108":0,"109":1,"110":2,"111":2,"112":2,"113":2,"114":2,"115":2,"116":2,"117":2,"118":2,"119":2,"120":1,"121":2,"122":2,"123":2,"124":2,"125":2,"126":0,"127":0,"128":0,"129":0,"130":0,"131":0,"132":0,"133":0,"134":0,"135":0,"136":1,"137":1,"138":1,"139":1,"140":0,"141":1,"142":1,"143":1,"144":1,"145":1},"f":{"0":1,"1":1,"2":7,"3":5,"4":7,"5":42,"6":41,"7":35,"8":34,"9":33,"10":33,"11":41,"12":9,"13":2,"14":2,"15":2,"16":2,"17":1},"b":{"0":[6,1],"1":[0,5],"2":[0,0],"3":[8,0],"4":[6,35],"5":[1,34],"6":[1,33],"7":[0,33],"8":[1,32],"9":[31,8],"10":[4,27],"11":[0,2],"12":[0,2],"13":[2,0],"14":[2,0],"15":[0,0],"16":[0,1],"17":[1,0]},"_coverageSchema":"1a1c01bbd47fc00a2c39e90264f33305004495a9","hash":"b333f412074816986c705f8d12d1268536ea60a8"}
,"D:\\Projects\\GossipChimp-GossipFeed-Microservice\\components\\gossipFeed\\helpers\\checkIfArrayIncludesPostID.js": {"path":"D:\\Projects\\GossipChimp-GossipFeed-Microservice\\components\\gossipFeed\\helpers\\checkIfArrayIncludesPostID.js","statementMap":{"0":{"start":{"line":1,"column":35},"end":{"line":4,"column":1}},"1":{"start":{"line":2,"column":2},"end":{"line":2,"column":50}},"2":{"start":{"line":2,"column":38},"end":{"line":2,"column":50}},"3":{"start":{"line":3,"column":2},"end":{"line":3,"column":15}},"4":{"start":{"line":6,"column":0},"end":{"line":6,"column":44}}},"fnMap":{"0":{"name":"(anonymous_0)","decl":{"start":{"line":1,"column":35},"end":{"line":1,"column":36}},"loc":{"start":{"line":1,"column":62},"end":{"line":4,"column":1}},"line":1}},"branchMap":{"0":{"loc":{"start":{"line":2,"column":2},"end":{"line":2,"column":50}},"type":"if","locations":[{"start":{"line":2,"column":2},"end":{"line":2,"column":50}},{"start":{},"end":{}}],"line":2}},"s":{"0":2,"1":178,"2":10,"3":168,"4":2},"f":{"0":178},"b":{"0":[10,168]},"_coverageSchema":"1a1c01bbd47fc00a2c39e90264f33305004495a9","hash":"b855f9ec6c8601966d61e9daa1068a6f9af5153f"}
,"D:\\Projects\\GossipChimp-GossipFeed-Microservice\\components\\gossipFeed\\helpers\\convertToArray.js": {"path":"D:\\Projects\\GossipChimp-GossipFeed-Microservice\\components\\gossipFeed\\helpers\\convertToArray.js","statementMap":{"0":{"start":{"line":1,"column":23},"end":{"line":7,"column":1}},"1":{"start":{"line":2,"column":25},"end":{"line":2,"column":27}},"2":{"start":{"line":3,"column":2},"end":{"line":5,"column":5}},"3":{"start":{"line":4,"column":4},"end":{"line":4,"column":43}},"4":{"start":{"line":6,"column":2},"end":{"line":6,"column":24}},"5":{"start":{"line":9,"column":0},"end":{"line":9,"column":32}}},"fnMap":{"0":{"name":"(anonymous_0)","decl":{"start":{"line":1,"column":23},"end":{"line":1,"column":24}},"loc":{"start":{"line":1,"column":34},"end":{"line":7,"column":1}},"line":1},"1":{"name":"(anonymous_1)","decl":{"start":{"line":3,"column":16},"end":{"line":3,"column":17}},"loc":{"start":{"line":3,"column":29},"end":{"line":5,"column":3}},"line":3}},"branchMap":{},"s":{"0":2,"1":6,"2":6,"3":6,"4":6,"5":2},"f":{"0":6,"1":6},"b":{},"_coverageSchema":"1a1c01bbd47fc00a2c39e90264f33305004495a9","hash":"e61d984992e9c409995781ba9efaea1c5ee85f9c"}
,"D:\\Projects\\GossipChimp-GossipFeed-Microservice\\components\\gossipFeed\\helpers\\convertUserFollowingListToArray.js": {"path":"D:\\Projects\\GossipChimp-GossipFeed-Microservice\\components\\gossipFeed\\helpers\\convertUserFollowingListToArray.js","statementMap":{"0":{"start":{"line":1,"column":23},"end":{"line":1,"column":50}},"1":{"start":{"line":3,"column":40},"end":{"line":15,"column":1}},"2":{"start":{"line":4,"column":25},"end":{"line":4,"column":27}},"3":{"start":{"line":5,"column":2},"end":{"line":7,"column":4}},"4":{"start":{"line":8,"column":2},"end":{"line":10,"column":4}},"5":{"start":{"line":11,"column":2},"end":{"line":13,"column":4}},"6":{"start":{"line":14,"column":2},"end":{"line":14,"column":24}},"7":{"start":{"line":17,"column":0},"end":{"line":17,"column":49}}},"fnMap":{"0":{"name":"(anonymous_0)","decl":{"start":{"line":3,"column":40},"end":{"line":3,"column":41}},"loc":{"start":{"line":3,"column":59},"end":{"line":15,"column":1}},"line":3}},"branchMap":{},"s":{"0":2,"1":2,"2":2,"3":2,"4":2,"5":2,"6":2,"7":2},"f":{"0":2},"b":{},"_coverageSchema":"1a1c01bbd47fc00a2c39e90264f33305004495a9","hash":"62ff73487186609fce8a2d4ef9637ef81c21c5e6"}
,"D:\\Projects\\GossipChimp-GossipFeed-Microservice\\components\\gossipFeed\\helpers\\index.js": {"path":"D:\\Projects\\GossipChimp-GossipFeed-Microservice\\components\\gossipFeed\\helpers\\index.js","statementMap":{"0":{"start":{"line":1,"column":40},"end":{"line":1,"column":84}},"1":{"start":{"line":2,"column":35},"end":{"line":2,"column":74}},"2":{"start":{"line":4,"column":0},"end":{"line":7,"column":2}}},"fnMap":{},"branchMap":{},"s":{"0":2,"1":2,"2":2},"f":{},"b":{},"_coverageSchema":"1a1c01bbd47fc00a2c39e90264f33305004495a9","hash":"50bb08470f788ee170533c1b11383b3e57200923"}
,"D:\\Projects\\GossipChimp-GossipFeed-Microservice\\components\\gossipFeed\\helpers\\redisClient.js": {"path":"D:\\Projects\\GossipChimp-GossipFeed-Microservice\\components\\gossipFeed\\helpers\\redisClient.js","statementMap":{"0":{"start":{"line":1,"column":14},"end":{"line":1,"column":30}},"1":{"start":{"line":3,"column":20},"end":{"line":3,"column":40}},"2":{"start":{"line":5,"column":0},"end":{"line":5,"column":29}}},"fnMap":{},"branchMap":{},"s":{"0":2,"1":2,"2":2},"f":{},"b":{},"_coverageSchema":"1a1c01bbd47fc00a2c39e90264f33305004495a9","hash":"71417db8ee15a86a06d3d4316bd729fae887a286"}
,"D:\\Projects\\GossipChimp-GossipFeed-Microservice\\components\\gossipFeed\\helpers\\removeElementsFromArray.js": {"path":"D:\\Projects\\GossipChimp-GossipFeed-Microservice\\components\\gossipFeed\\helpers\\removeElementsFromArray.js","statementMap":{"0":{"start":{"line":1,"column":32},"end":{"line":6,"column":1}},"1":{"start":{"line":2,"column":2},"end":{"line":4,"column":3}},"2":{"start":{"line":2,"column":15},"end":{"line":2,"column":39}},"3":{"start":{"line":3,"column":4},"end":{"line":3,"column":16}},"4":{"start":{"line":5,"column":2},"end":{"line":5,"column":15}},"5":{"start":{"line":8,"column":0},"end":{"line":8,"column":41}}},"fnMap":{"0":{"name":"(anonymous_0)","decl":{"start":{"line":1,"column":32},"end":{"line":1,"column":33}},"loc":{"start":{"line":1,"column":69},"end":{"line":6,"column":1}},"line":1}},"branchMap":{},"s":{"0":1,"1":1,"2":1,"3":2,"4":1,"5":1},"f":{"0":1},"b":{},"_coverageSchema":"1a1c01bbd47fc00a2c39e90264f33305004495a9","hash":"520018e2d0067f514c34fc14a991866afbbf9154"}
,"D:\\Projects\\GossipChimp-GossipFeed-Microservice\\config\\config.js": {"path":"D:\\Projects\\GossipChimp-GossipFeed-Microservice\\config\\config.js","statementMap":{"0":{"start":{"line":1,"column":0},"end":{"line":1,"column":27}},"1":{"start":{"line":3,"column":0},"end":{"line":16,"column":2}}},"fnMap":{},"branchMap":{},"s":{"0":2,"1":2},"f":{},"b":{},"_coverageSchema":"1a1c01bbd47fc00a2c39e90264f33305004495a9","hash":"d91718b9dce98fe55379626de1dd3fd7a26f505b"}
,"D:\\Projects\\GossipChimp-GossipFeed-Microservice\\db\\mongoose.js": {"path":"D:\\Projects\\GossipChimp-GossipFeed-Microservice\\db\\mongoose.js","statementMap":{"0":{"start":{"line":1,"column":17},"end":{"line":1,"column":36}},"1":{"start":{"line":2,"column":15},"end":{"line":2,"column":42}},"2":{"start":{"line":4,"column":13},"end":{"line":4,"column":32}},"3":{"start":{"line":5,"column":0},"end":{"line":7,"column":1}},"4":{"start":{"line":6,"column":2},"end":{"line":6,"column":36}},"5":{"start":{"line":9,"column":0},"end":{"line":11,"column":3}},"6":{"start":{"line":13,"column":0},"end":{"line":19,"column":5}},"7":{"start":{"line":15,"column":4},"end":{"line":15,"column":56}},"8":{"start":{"line":15,"column":31},"end":{"line":15,"column":56}},"9":{"start":{"line":18,"column":4},"end":{"line":18,"column":30}}},"fnMap":{"0":{"name":"(anonymous_0)","decl":{"start":{"line":14,"column":16},"end":{"line":14,"column":17}},"loc":{"start":{"line":14,"column":22},"end":{"line":16,"column":3}},"line":14},"1":{"name":"(anonymous_1)","decl":{"start":{"line":17,"column":15},"end":{"line":17,"column":16}},"loc":{"start":{"line":17,"column":26},"end":{"line":19,"column":3}},"line":17}},"branchMap":{"0":{"loc":{"start":{"line":5,"column":0},"end":{"line":7,"column":1}},"type":"if","locations":[{"start":{"line":5,"column":0},"end":{"line":7,"column":1}},{"start":{},"end":{}}],"line":5},"1":{"loc":{"start":{"line":15,"column":4},"end":{"line":15,"column":56}},"type":"if","locations":[{"start":{"line":15,"column":4},"end":{"line":15,"column":56}},{"start":{},"end":{}}],"line":15}},"s":{"0":2,"1":2,"2":2,"3":2,"4":0,"5":2,"6":2,"7":2,"8":2,"9":0},"f":{"0":2,"1":0},"b":{"0":[0,2],"1":[2,0]},"_coverageSchema":"1a1c01bbd47fc00a2c39e90264f33305004495a9","hash":"a937b839af7ef078a2b4610e89a8b2529e5415d3"}
,"D:\\Projects\\GossipChimp-GossipFeed-Microservice\\models\\followingList.js": {"path":"D:\\Projects\\GossipChimp-GossipFeed-Microservice\\models\\followingList.js","statementMap":{"0":{"start":{"line":1,"column":17},"end":{"line":1,"column":36}},"1":{"start":{"line":3,"column":28},"end":{"line":43,"column":2}},"2":{"start":{"line":45,"column":22},"end":{"line":45,"column":74}},"3":{"start":{"line":47,"column":0},"end":{"line":47,"column":31}}},"fnMap":{},"branchMap":{},"s":{"0":2,"1":2,"2":2,"3":2},"f":{},"b":{},"_coverageSchema":"1a1c01bbd47fc00a2c39e90264f33305004495a9","hash":"091e2b9d3a2048d590038c48d3a286c15bc85ee3"}
,"D:\\Projects\\GossipChimp-GossipFeed-Microservice\\models\\gossip.js": {"path":"D:\\Projects\\GossipChimp-GossipFeed-Microservice\\models\\gossip.js","statementMap":{"0":{"start":{"line":1,"column":17},"end":{"line":1,"column":36}},"1":{"start":{"line":3,"column":21},"end":{"line":75,"column":2}},"2":{"start":{"line":77,"column":15},"end":{"line":77,"column":53}},"3":{"start":{"line":79,"column":0},"end":{"line":79,"column":24}}},"fnMap":{},"branchMap":{},"s":{"0":2,"1":2,"2":2,"3":2},"f":{},"b":{},"_coverageSchema":"1a1c01bbd47fc00a2c39e90264f33305004495a9","hash":"582f07e4f6096ede9eb4648a41dc0047616277c3"}
,"D:\\Projects\\GossipChimp-GossipFeed-Microservice\\models\\users.js": {"path":"D:\\Projects\\GossipChimp-GossipFeed-Microservice\\models\\users.js","statementMap":{"0":{"start":{"line":1,"column":17},"end":{"line":1,"column":36}},"1":{"start":{"line":3,"column":20},"end":{"line":88,"column":2}},"2":{"start":{"line":90,"column":14},"end":{"line":90,"column":50}},"3":{"start":{"line":92,"column":0},"end":{"line":92,"column":23}}},"fnMap":{},"branchMap":{},"s":{"0":2,"1":2,"2":2,"3":2},"f":{},"b":{},"_coverageSchema":"1a1c01bbd47fc00a2c39e90264f33305004495a9","hash":"dde64ebb908e05e8b578a6c6c7eaaeab31a10e6d"}
}
