TN:
SF:app.js
FNF:0
FNH:0
DA:1,2
DA:2,2
DA:3,2
DA:5,2
DA:6,2
DA:7,2
DA:9,2
LF:7
LH:7
BRF:0
BRH:0
end_of_record
TN:
SF:components\gossipFeed\gossipFeedDAL.js
FN:10,(anonymous_0)
FN:16,(anonymous_1)
FN:17,(anonymous_2)
FN:22,(anonymous_3)
FN:30,(anonymous_4)
FN:31,(anonymous_5)
FN:32,(anonymous_6)
FN:39,(anonymous_7)
FN:40,(anonymous_8)
FN:41,(anonymous_9)
FN:48,(anonymous_10)
FN:51,(anonymous_11)
FNF:12
FNH:12
FNDA:1,(anonymous_0)
FNDA:1,(anonymous_1)
FNDA:1,(anonymous_2)
FNDA:1,(anonymous_3)
FNDA:7,(anonymous_4)
FNDA:7,(anonymous_5)
FNDA:7,(anonymous_6)
FNDA:8,(anonymous_7)
FNDA:8,(anonymous_8)
FNDA:8,(anonymous_9)
FNDA:42,(anonymous_10)
FNDA:3,(anonymous_11)
DA:1,2
DA:2,2
DA:3,2
DA:5,2
DA:7,2
DA:10,2
DA:11,1
DA:16,2
DA:17,1
DA:18,1
DA:23,1
DA:24,1
DA:30,2
DA:31,7
DA:32,7
DA:33,7
DA:34,7
DA:39,2
DA:40,8
DA:41,8
DA:42,8
DA:43,8
DA:48,42
DA:51,2
DA:56,3
DA:67,2
LF:26
LH:26
BRDA:23,0,0,0
BRDA:23,0,1,1
BRDA:33,1,0,0
BRDA:33,1,1,7
BRDA:42,2,0,0
BRDA:42,2,1,8
BRF:6
BRH:3
end_of_record
TN:
SF:components\gossipFeed\gossipFeedService.js
FN:9,(anonymous_0)
FN:23,(anonymous_1)
FN:36,(anonymous_2)
FN:50,(anonymous_3)
FN:78,(anonymous_4)
FN:91,(anonymous_5)
FN:101,(anonymous_6)
FN:105,(anonymous_7)
FN:109,(anonymous_8)
FN:113,(anonymous_9)
FN:117,(anonymous_10)
FN:121,(anonymous_11)
FN:133,(anonymous_12)
FN:146,(anonymous_13)
FN:191,(anonymous_14)
FN:214,(anonymous_15)
FN:240,(anonymous_16)
FN:276,(anonymous_17)
FNF:18
FNH:18
FNDA:1,(anonymous_0)
FNDA:1,(anonymous_1)
FNDA:7,(anonymous_2)
FNDA:5,(anonymous_3)
FNDA:7,(anonymous_4)
FNDA:42,(anonymous_5)
FNDA:41,(anonymous_6)
FNDA:35,(anonymous_7)
FNDA:34,(anonymous_8)
FNDA:33,(anonymous_9)
FNDA:33,(anonymous_10)
FNDA:41,(anonymous_11)
FNDA:9,(anonymous_12)
FNDA:2,(anonymous_13)
FNDA:2,(anonymous_14)
FNDA:2,(anonymous_15)
FNDA:2,(anonymous_16)
FNDA:1,(anonymous_17)
DA:1,1
DA:3,1
DA:4,1
DA:6,1
DA:9,1
DA:10,1
DA:11,1
DA:14,1
DA:15,1
DA:17,0
DA:18,0
DA:23,1
DA:24,1
DA:25,1
DA:30,0
DA:31,0
DA:36,1
DA:37,7
DA:39,7
DA:40,7
DA:42,1
DA:44,0
DA:45,0
DA:50,1
DA:51,5
DA:53,5
DA:56,5
DA:57,0
DA:58,0
DA:63,0
DA:64,0
DA:67,0
DA:70,5
DA:72,0
DA:73,0
DA:78,1
DA:79,7
DA:81,7
DA:82,8
DA:83,8
DA:84,8
DA:87,7
DA:91,1
DA:92,42
DA:93,42
DA:95,0
DA:96,0
DA:101,1
DA:102,41
DA:105,1
DA:106,35
DA:109,1
DA:110,34
DA:113,1
DA:114,33
DA:117,1
DA:118,33
DA:121,1
DA:122,41
DA:124,41
DA:125,35
DA:126,34
DA:127,33
DA:128,33
DA:129,32
DA:133,1
DA:134,9
DA:135,9
DA:136,39
DA:137,39
DA:138,31
DA:139,31
DA:142,5
DA:146,1
DA:147,2
DA:148,2
DA:151,2
DA:154,2
DA:159,2
DA:160,0
DA:162,2
DA:165,2
DA:166,2
DA:169,2
DA:174,2
DA:175,2
DA:179,2
DA:182,2
DA:187,2
DA:188,2
DA:191,1
DA:196,2
DA:197,2
DA:202,2
DA:203,2
DA:204,2
DA:205,8
DA:207,2
DA:209,0
DA:210,0
DA:214,1
DA:215,2
DA:216,2
DA:217,2
DA:219,2
DA:220,2
DA:225,2
DA:228,2
DA:229,2
DA:230,2
DA:237,2
DA:240,1
DA:241,2
DA:242,2
DA:245,2
DA:250,2
DA:251,0
DA:254,0
DA:255,0
DA:260,0
DA:261,0
DA:265,0
DA:270,0
DA:272,0
DA:276,1
DA:277,1
DA:280,1
DA:281,1
DA:284,1
DA:288,1
DA:289,1
DA:300,1
LF:132
LH:106
BRDA:40,0,0,6
BRDA:40,0,1,1
BRDA:56,1,0,0
BRDA:56,1,1,5
BRDA:63,2,0,0
BRDA:63,2,1,0
BRDA:83,3,0,8
BRDA:83,3,1,0
BRDA:124,4,0,6
BRDA:124,4,1,35
BRDA:125,5,0,1
BRDA:125,5,1,34
BRDA:126,6,0,1
BRDA:126,6,1,33
BRDA:127,7,0,0
BRDA:127,7,1,33
BRDA:128,8,0,1
BRDA:128,8,1,32
BRDA:137,9,0,31
BRDA:137,9,1,8
BRDA:139,10,0,4
BRDA:139,10,1,27
BRDA:159,11,0,0
BRDA:159,11,1,2
BRDA:175,12,0,0
BRDA:175,12,1,2
BRDA:229,13,0,2
BRDA:229,13,1,0
BRDA:250,14,0,2
BRDA:250,14,1,0
BRDA:261,15,0,0
BRDA:261,15,1,0
BRDA:281,16,0,0
BRDA:281,16,1,1
BRDA:289,17,0,1
BRDA:289,17,1,0
BRF:36
BRH:23
end_of_record
TN:
SF:components\gossipFeed\helpers\checkIfArrayIncludesPostID.js
FN:1,(anonymous_0)
FNF:1
FNH:1
FNDA:178,(anonymous_0)
DA:1,2
DA:2,178
DA:3,168
DA:6,2
LF:4
LH:4
BRDA:2,0,0,10
BRDA:2,0,1,168
BRF:2
BRH:2
end_of_record
TN:
SF:components\gossipFeed\helpers\convertToArray.js
FN:1,(anonymous_0)
FN:3,(anonymous_1)
FNF:2
FNH:2
FNDA:6,(anonymous_0)
FNDA:6,(anonymous_1)
DA:1,2
DA:2,6
DA:3,6
DA:4,6
DA:6,6
DA:9,2
LF:6
LH:6
BRF:0
BRH:0
end_of_record
TN:
SF:components\gossipFeed\helpers\convertUserFollowingListToArray.js
FN:3,(anonymous_0)
FNF:1
FNH:1
FNDA:2,(anonymous_0)
DA:1,2
DA:3,2
DA:4,2
DA:5,2
DA:8,2
DA:11,2
DA:14,2
DA:17,2
LF:8
LH:8
BRF:0
BRH:0
end_of_record
TN:
SF:components\gossipFeed\helpers\index.js
FNF:0
FNH:0
DA:1,2
DA:2,2
DA:4,2
LF:3
LH:3
BRF:0
BRH:0
end_of_record
TN:
SF:components\gossipFeed\helpers\redisClient.js
FNF:0
FNH:0
DA:1,2
DA:3,2
DA:5,2
LF:3
LH:3
BRF:0
BRH:0
end_of_record
TN:
SF:components\gossipFeed\helpers\removeElementsFromArray.js
FN:1,(anonymous_0)
FNF:1
FNH:1
FNDA:1,(anonymous_0)
DA:1,1
DA:2,1
DA:3,2
DA:5,1
DA:8,1
LF:5
LH:5
BRF:0
BRH:0
end_of_record
TN:
SF:config\config.js
FNF:0
FNH:0
DA:1,2
DA:3,2
LF:2
LH:2
BRF:0
BRH:0
end_of_record
TN:
SF:db\mongoose.js
FN:14,(anonymous_0)
FN:17,(anonymous_1)
FNF:2
FNH:1
FNDA:2,(anonymous_0)
FNDA:0,(anonymous_1)
DA:1,2
DA:2,2
DA:4,2
DA:5,2
DA:6,0
DA:9,2
DA:13,2
DA:15,2
DA:18,0
LF:9
LH:7
BRDA:5,0,0,0
BRDA:5,0,1,2
BRDA:15,1,0,2
BRDA:15,1,1,0
BRF:4
BRH:2
end_of_record
TN:
SF:models\followingList.js
FNF:0
FNH:0
DA:1,2
DA:3,2
DA:45,2
DA:47,2
LF:4
LH:4
BRF:0
BRH:0
end_of_record
TN:
SF:models\gossip.js
FNF:0
FNH:0
DA:1,2
DA:3,2
DA:77,2
DA:79,2
LF:4
LH:4
BRF:0
BRH:0
end_of_record
TN:
SF:models\users.js
FNF:0
FNH:0
DA:1,2
DA:3,2
DA:90,2
DA:92,2
LF:4
LH:4
BRF:0
BRH:0
end_of_record
